{"C:\\Users\\schio\\WebstormProjects\\untitled\\src\\pages\\Calendar.jsx": {"path":"C:\\Users\\schio\\WebstormProjects\\untitled\\src\\pages\\Calendar.jsx","statementMap":{"0":{"start":{"line":9,"column":44},"end":{"line":190,"column":6}},"1":{"start":{"line":193,"column":42},"end":{"line":193,"column":57}},"2":{"start":{"line":196,"column":36},"end":{"line":203,"column":6}},"3":{"start":{"line":206,"column":38},"end":{"line":206,"column":53}},"4":{"start":{"line":207,"column":48},"end":{"line":207,"column":62}},"5":{"start":{"line":210,"column":40},"end":{"line":210,"column":52}},"6":{"start":{"line":213,"column":46},"end":{"line":213,"column":58}},"7":{"start":{"line":216,"column":44},"end":{"line":216,"column":56}},"8":{"start":{"line":219,"column":32},"end":{"line":219,"column":48}},"9":{"start":{"line":222,"column":42},"end":{"line":222,"column":53}},"10":{"start":{"line":223,"column":46},"end":{"line":223,"column":57}},"11":{"start":{"line":225,"column":4},"end":{"line":227,"column":73}},"12":{"start":{"line":226,"column":8},"end":{"line":226,"column":26}},"13":{"start":{"line":230,"column":22},"end":{"line":241,"column":5}},"14":{"start":{"line":231,"column":8},"end":{"line":231,"column":29}},"15":{"start":{"line":232,"column":8},"end":{"line":232,"column":28}},"16":{"start":{"line":233,"column":8},"end":{"line":240,"column":11}},"17":{"start":{"line":244,"column":26},"end":{"line":249,"column":5}},"18":{"start":{"line":245,"column":8},"end":{"line":245,"column":29}},"19":{"start":{"line":246,"column":8},"end":{"line":246,"column":27}},"20":{"start":{"line":247,"column":8},"end":{"line":247,"column":36}},"21":{"start":{"line":248,"column":8},"end":{"line":248,"column":27}},"22":{"start":{"line":252,"column":23},"end":{"line":264,"column":5}},"23":{"start":{"line":253,"column":8},"end":{"line":253,"column":30}},"24":{"start":{"line":254,"column":8},"end":{"line":254,"column":28}},"25":{"start":{"line":255,"column":8},"end":{"line":255,"column":32}},"26":{"start":{"line":256,"column":8},"end":{"line":263,"column":11}},"27":{"start":{"line":267,"column":30},"end":{"line":273,"column":5}},"28":{"start":{"line":268,"column":32},"end":{"line":268,"column":40}},"29":{"start":{"line":269,"column":8},"end":{"line":272,"column":11}},"30":{"start":{"line":276,"column":22},"end":{"line":316,"column":5}},"31":{"start":{"line":278,"column":8},"end":{"line":288,"column":9}},"32":{"start":{"line":286,"column":12},"end":{"line":286,"column":49}},"33":{"start":{"line":287,"column":12},"end":{"line":287,"column":19}},"34":{"start":{"line":291,"column":26},"end":{"line":291,"column":67}},"35":{"start":{"line":292,"column":24},"end":{"line":292,"column":63}},"36":{"start":{"line":294,"column":8},"end":{"line":297,"column":9}},"37":{"start":{"line":295,"column":12},"end":{"line":295,"column":70}},"38":{"start":{"line":296,"column":12},"end":{"line":296,"column":19}},"39":{"start":{"line":299,"column":8},"end":{"line":312,"column":9}},"40":{"start":{"line":301,"column":34},"end":{"line":303,"column":13}},"41":{"start":{"line":302,"column":16},"end":{"line":302,"column":62}},"42":{"start":{"line":304,"column":12},"end":{"line":304,"column":43}},"43":{"start":{"line":307,"column":26},"end":{"line":310,"column":13}},"44":{"start":{"line":311,"column":12},"end":{"line":311,"column":54}},"45":{"start":{"line":315,"column":8},"end":{"line":315,"column":21}},"46":{"start":{"line":318,"column":24},"end":{"line":321,"column":5}},"47":{"start":{"line":319,"column":30},"end":{"line":319,"column":80}},"48":{"start":{"line":319,"column":59},"end":{"line":319,"column":79}},"49":{"start":{"line":320,"column":8},"end":{"line":320,"column":39}},"50":{"start":{"line":323,"column":33},"end":{"line":326,"column":5}},"51":{"start":{"line":324,"column":33},"end":{"line":324,"column":60}},"52":{"start":{"line":325,"column":8},"end":{"line":325,"column":36}},"53":{"start":{"line":328,"column":27},"end":{"line":333,"column":6}},"54":{"start":{"line":329,"column":30},"end":{"line":329,"column":90}},"55":{"start":{"line":330,"column":29},"end":{"line":330,"column":115}},"56":{"start":{"line":331,"column":28},"end":{"line":331,"column":111}},"57":{"start":{"line":332,"column":8},"end":{"line":332,"column":60}},"58":{"start":{"line":335,"column":25},"end":{"line":344,"column":6}},"59":{"start":{"line":336,"column":8},"end":{"line":342,"column":9}},"60":{"start":{"line":337,"column":12},"end":{"line":337,"column":50}},"61":{"start":{"line":338,"column":15},"end":{"line":342,"column":9}},"62":{"start":{"line":339,"column":12},"end":{"line":339,"column":55}},"63":{"start":{"line":340,"column":15},"end":{"line":342,"column":9}},"64":{"start":{"line":341,"column":12},"end":{"line":341,"column":91}},"65":{"start":{"line":343,"column":8},"end":{"line":343,"column":17}},"66":{"start":{"line":347,"column":29},"end":{"line":347,"column":56}},"67":{"start":{"line":348,"column":30},"end":{"line":348,"column":62}},"68":{"start":{"line":349,"column":26},"end":{"line":349,"column":81}},"69":{"start":{"line":350,"column":23},"end":{"line":350,"column":69}},"70":{"start":{"line":353,"column":21},"end":{"line":353,"column":63}},"71":{"start":{"line":353,"column":37},"end":{"line":353,"column":63}},"72":{"start":{"line":354,"column":21},"end":{"line":354,"column":81}},"73":{"start":{"line":354,"column":27},"end":{"line":354,"column":81}},"74":{"start":{"line":354,"column":50},"end":{"line":354,"column":80}},"75":{"start":{"line":355,"column":21},"end":{"line":355,"column":72}},"76":{"start":{"line":355,"column":27},"end":{"line":355,"column":72}},"77":{"start":{"line":355,"column":50},"end":{"line":355,"column":71}},"78":{"start":{"line":358,"column":38},"end":{"line":360,"column":5}},"79":{"start":{"line":359,"column":8},"end":{"line":359,"column":51}},"80":{"start":{"line":362,"column":4},"end":{"line":449,"column":6}},"81":{"start":{"line":368,"column":39},"end":{"line":368,"column":68}},"82":{"start":{"line":371,"column":38},"end":{"line":371,"column":70}},"83":{"start":{"line":372,"column":37},"end":{"line":372,"column":68}},"84":{"start":{"line":374,"column":37},"end":{"line":374,"column":62}},"85":{"start":{"line":392,"column":20},"end":{"line":397,"column":22}},"86":{"start":{"line":428,"column":70},"end":{"line":428,"column":75}},"87":{"start":{"line":429,"column":28},"end":{"line":435,"column":37}},"88":{"start":{"line":431,"column":47},"end":{"line":431,"column":63}}},"fnMap":{"0":{"name":"Calendar","decl":{"start":{"line":7,"column":9},"end":{"line":7,"column":17}},"loc":{"start":{"line":7,"column":20},"end":{"line":450,"column":1}},"line":7},"1":{"name":"(anonymous_1)","decl":{"start":{"line":225,"column":14},"end":{"line":225,"column":15}},"loc":{"start":{"line":225,"column":20},"end":{"line":227,"column":5}},"line":225},"2":{"name":"(anonymous_2)","decl":{"start":{"line":230,"column":22},"end":{"line":230,"column":23}},"loc":{"start":{"line":230,"column":28},"end":{"line":241,"column":5}},"line":230},"3":{"name":"(anonymous_3)","decl":{"start":{"line":244,"column":26},"end":{"line":244,"column":27}},"loc":{"start":{"line":244,"column":37},"end":{"line":249,"column":5}},"line":244},"4":{"name":"(anonymous_4)","decl":{"start":{"line":252,"column":23},"end":{"line":252,"column":24}},"loc":{"start":{"line":252,"column":29},"end":{"line":264,"column":5}},"line":252},"5":{"name":"(anonymous_5)","decl":{"start":{"line":267,"column":30},"end":{"line":267,"column":31}},"loc":{"start":{"line":267,"column":37},"end":{"line":273,"column":5}},"line":267},"6":{"name":"(anonymous_6)","decl":{"start":{"line":276,"column":22},"end":{"line":276,"column":23}},"loc":{"start":{"line":276,"column":28},"end":{"line":316,"column":5}},"line":276},"7":{"name":"(anonymous_7)","decl":{"start":{"line":301,"column":51},"end":{"line":301,"column":52}},"loc":{"start":{"line":302,"column":16},"end":{"line":302,"column":62}},"line":302},"8":{"name":"(anonymous_8)","decl":{"start":{"line":318,"column":24},"end":{"line":318,"column":25}},"loc":{"start":{"line":318,"column":37},"end":{"line":321,"column":5}},"line":318},"9":{"name":"(anonymous_9)","decl":{"start":{"line":319,"column":50},"end":{"line":319,"column":51}},"loc":{"start":{"line":319,"column":59},"end":{"line":319,"column":79}},"line":319},"10":{"name":"(anonymous_10)","decl":{"start":{"line":323,"column":33},"end":{"line":323,"column":34}},"loc":{"start":{"line":323,"column":43},"end":{"line":326,"column":5}},"line":323},"11":{"name":"(anonymous_11)","decl":{"start":{"line":328,"column":47},"end":{"line":328,"column":48}},"loc":{"start":{"line":328,"column":56},"end":{"line":333,"column":5}},"line":328},"12":{"name":"(anonymous_12)","decl":{"start":{"line":335,"column":45},"end":{"line":335,"column":46}},"loc":{"start":{"line":335,"column":55},"end":{"line":344,"column":5}},"line":335},"13":{"name":"(anonymous_13)","decl":{"start":{"line":353,"column":21},"end":{"line":353,"column":22}},"loc":{"start":{"line":353,"column":37},"end":{"line":353,"column":63}},"line":353},"14":{"name":"(anonymous_14)","decl":{"start":{"line":354,"column":21},"end":{"line":354,"column":22}},"loc":{"start":{"line":354,"column":27},"end":{"line":354,"column":81}},"line":354},"15":{"name":"(anonymous_15)","decl":{"start":{"line":354,"column":42},"end":{"line":354,"column":43}},"loc":{"start":{"line":354,"column":50},"end":{"line":354,"column":80}},"line":354},"16":{"name":"(anonymous_16)","decl":{"start":{"line":355,"column":21},"end":{"line":355,"column":22}},"loc":{"start":{"line":355,"column":27},"end":{"line":355,"column":72}},"line":355},"17":{"name":"(anonymous_17)","decl":{"start":{"line":355,"column":42},"end":{"line":355,"column":43}},"loc":{"start":{"line":355,"column":50},"end":{"line":355,"column":71}},"line":355},"18":{"name":"(anonymous_18)","decl":{"start":{"line":358,"column":38},"end":{"line":358,"column":39}},"loc":{"start":{"line":358,"column":45},"end":{"line":360,"column":5}},"line":358},"19":{"name":"(anonymous_19)","decl":{"start":{"line":368,"column":32},"end":{"line":368,"column":33}},"loc":{"start":{"line":368,"column":39},"end":{"line":368,"column":68}},"line":368},"20":{"name":"(anonymous_20)","decl":{"start":{"line":371,"column":31},"end":{"line":371,"column":32}},"loc":{"start":{"line":371,"column":38},"end":{"line":371,"column":70}},"line":371},"21":{"name":"(anonymous_21)","decl":{"start":{"line":372,"column":30},"end":{"line":372,"column":31}},"loc":{"start":{"line":372,"column":37},"end":{"line":372,"column":68}},"line":372},"22":{"name":"(anonymous_22)","decl":{"start":{"line":374,"column":30},"end":{"line":374,"column":31}},"loc":{"start":{"line":374,"column":37},"end":{"line":374,"column":62}},"line":374},"23":{"name":"(anonymous_23)","decl":{"start":{"line":391,"column":35},"end":{"line":391,"column":36}},"loc":{"start":{"line":392,"column":20},"end":{"line":397,"column":22}},"line":392},"24":{"name":"(anonymous_24)","decl":{"start":{"line":428,"column":60},"end":{"line":428,"column":61}},"loc":{"start":{"line":428,"column":70},"end":{"line":428,"column":75}},"line":428},"25":{"name":"(anonymous_25)","decl":{"start":{"line":428,"column":81},"end":{"line":428,"column":82}},"loc":{"start":{"line":429,"column":28},"end":{"line":435,"column":37}},"line":429},"26":{"name":"(anonymous_26)","decl":{"start":{"line":431,"column":41},"end":{"line":431,"column":42}},"loc":{"start":{"line":431,"column":47},"end":{"line":431,"column":63}},"line":431}},"branchMap":{"0":{"loc":{"start":{"line":278,"column":8},"end":{"line":288,"column":9}},"type":"if","locations":[{"start":{"line":278,"column":8},"end":{"line":288,"column":9}},{"start":{},"end":{}}],"line":278},"1":{"loc":{"start":{"line":279,"column":12},"end":{"line":284,"column":33}},"type":"binary-expr","locations":[{"start":{"line":279,"column":12},"end":{"line":279,"column":27}},{"start":{"line":280,"column":12},"end":{"line":280,"column":27}},{"start":{"line":281,"column":12},"end":{"line":281,"column":26}},{"start":{"line":282,"column":12},"end":{"line":282,"column":32}},{"start":{"line":283,"column":12},"end":{"line":283,"column":30}},{"start":{"line":284,"column":12},"end":{"line":284,"column":33}}],"line":279},"2":{"loc":{"start":{"line":294,"column":8},"end":{"line":297,"column":9}},"type":"if","locations":[{"start":{"line":294,"column":8},"end":{"line":297,"column":9}},{"start":{},"end":{}}],"line":294},"3":{"loc":{"start":{"line":299,"column":8},"end":{"line":312,"column":9}},"type":"if","locations":[{"start":{"line":299,"column":8},"end":{"line":312,"column":9}},{"start":{"line":305,"column":15},"end":{"line":312,"column":9}}],"line":299},"4":{"loc":{"start":{"line":302,"column":16},"end":{"line":302,"column":62}},"type":"cond-expr","locations":[{"start":{"line":302,"column":46},"end":{"line":302,"column":54}},{"start":{"line":302,"column":57},"end":{"line":302,"column":62}}],"line":302},"5":{"loc":{"start":{"line":330,"column":29},"end":{"line":330,"column":115}},"type":"cond-expr","locations":[{"start":{"line":330,"column":45},"end":{"line":330,"column":108}},{"start":{"line":330,"column":111},"end":{"line":330,"column":115}}],"line":330},"6":{"loc":{"start":{"line":331,"column":28},"end":{"line":331,"column":111}},"type":"cond-expr","locations":[{"start":{"line":331,"column":43},"end":{"line":331,"column":104}},{"start":{"line":331,"column":107},"end":{"line":331,"column":111}}],"line":331},"7":{"loc":{"start":{"line":332,"column":15},"end":{"line":332,"column":59}},"type":"binary-expr","locations":[{"start":{"line":332,"column":15},"end":{"line":332,"column":28}},{"start":{"line":332,"column":32},"end":{"line":332,"column":44}},{"start":{"line":332,"column":48},"end":{"line":332,"column":59}}],"line":332},"8":{"loc":{"start":{"line":336,"column":8},"end":{"line":342,"column":9}},"type":"if","locations":[{"start":{"line":336,"column":8},"end":{"line":342,"column":9}},{"start":{"line":338,"column":15},"end":{"line":342,"column":9}}],"line":336},"9":{"loc":{"start":{"line":338,"column":15},"end":{"line":342,"column":9}},"type":"if","locations":[{"start":{"line":338,"column":15},"end":{"line":342,"column":9}},{"start":{"line":340,"column":15},"end":{"line":342,"column":9}}],"line":338},"10":{"loc":{"start":{"line":340,"column":15},"end":{"line":342,"column":9}},"type":"if","locations":[{"start":{"line":340,"column":15},"end":{"line":342,"column":9}},{"start":{},"end":{}}],"line":340},"11":{"loc":{"start":{"line":418,"column":17},"end":{"line":446,"column":17}},"type":"binary-expr","locations":[{"start":{"line":418,"column":17},"end":{"line":418,"column":31}},{"start":{"line":419,"column":20},"end":{"line":445,"column":26}}],"line":418},"12":{"loc":{"start":{"line":432,"column":64},"end":{"line":432,"column":102}},"type":"cond-expr","locations":[{"start":{"line":432,"column":89},"end":{"line":432,"column":97}},{"start":{"line":432,"column":100},"end":{"line":432,"column":102}}],"line":432}},"s":{"0":71,"1":71,"2":71,"3":71,"4":71,"5":71,"6":71,"7":71,"8":71,"9":71,"10":71,"11":71,"12":10,"13":71,"14":4,"15":4,"16":4,"17":71,"18":1,"19":1,"20":1,"21":1,"22":71,"23":3,"24":3,"25":3,"26":3,"27":71,"28":43,"29":43,"30":71,"31":4,"32":1,"33":1,"34":3,"35":3,"36":3,"37":1,"38":1,"39":2,"40":1,"41":20,"42":1,"43":1,"44":1,"45":2,"46":71,"47":1,"48":20,"49":1,"50":71,"51":6,"52":6,"53":71,"54":1419,"55":1419,"56":1419,"57":1419,"58":71,"59":3731,"60":0,"61":3731,"62":3731,"63":0,"64":0,"65":0,"66":71,"67":71,"68":71,"69":71,"70":71,"71":1,"72":71,"73":0,"74":0,"75":71,"76":0,"77":0,"78":71,"79":0,"80":71,"81":1,"82":0,"83":0,"84":0,"85":347,"86":277,"87":277,"88":1},"f":{"0":71,"1":10,"2":4,"3":1,"4":3,"5":43,"6":4,"7":20,"8":1,"9":20,"10":6,"11":1419,"12":3731,"13":1,"14":0,"15":0,"16":0,"17":0,"18":0,"19":1,"20":0,"21":0,"22":0,"23":347,"24":277,"25":277,"26":1},"b":{"0":[1,3],"1":[4,3,3,3,3,3],"2":[1,2],"3":[1,1],"4":[1,19],"5":[0,1419],"6":[0,1419],"7":[1419,1381,1381],"8":[0,3731],"9":[3731,0],"10":[0,0],"11":[71,69],"12":[69,208]},"_coverageSchema":"1a1c01bbd47fc00a2c39e90264f33305004495a9","hash":"fb31adbffb1d0f4e623374c7b613de80741b1cb0"}
,"C:\\Users\\schio\\WebstormProjects\\untitled\\src\\utils\\sortEvents.js": {"path":"C:\\Users\\schio\\WebstormProjects\\untitled\\src\\utils\\sortEvents.js","statementMap":{"0":{"start":{"line":1,"column":26},"end":{"line":12,"column":1}},"1":{"start":{"line":2,"column":4},"end":{"line":11,"column":7}},"2":{"start":{"line":3,"column":8},"end":{"line":9,"column":9}},"3":{"start":{"line":4,"column":12},"end":{"line":4,"column":50}},"4":{"start":{"line":5,"column":15},"end":{"line":9,"column":9}},"5":{"start":{"line":6,"column":12},"end":{"line":6,"column":55}},"6":{"start":{"line":7,"column":15},"end":{"line":9,"column":9}},"7":{"start":{"line":8,"column":12},"end":{"line":8,"column":91}},"8":{"start":{"line":10,"column":8},"end":{"line":10,"column":17}},"9":{"start":{"line":14,"column":29},"end":{"line":17,"column":1}},"10":{"start":{"line":15,"column":29},"end":{"line":15,"column":56}},"11":{"start":{"line":16,"column":4},"end":{"line":16,"column":32}}},"fnMap":{"0":{"name":"(anonymous_0)","decl":{"start":{"line":1,"column":26},"end":{"line":1,"column":27}},"loc":{"start":{"line":1,"column":46},"end":{"line":12,"column":1}},"line":1},"1":{"name":"(anonymous_1)","decl":{"start":{"line":2,"column":23},"end":{"line":2,"column":24}},"loc":{"start":{"line":2,"column":33},"end":{"line":11,"column":5}},"line":2},"2":{"name":"(anonymous_2)","decl":{"start":{"line":14,"column":29},"end":{"line":14,"column":30}},"loc":{"start":{"line":14,"column":39},"end":{"line":17,"column":1}},"line":14}},"branchMap":{"0":{"loc":{"start":{"line":3,"column":8},"end":{"line":9,"column":9}},"type":"if","locations":[{"start":{"line":3,"column":8},"end":{"line":9,"column":9}},{"start":{"line":5,"column":15},"end":{"line":9,"column":9}}],"line":3},"1":{"loc":{"start":{"line":5,"column":15},"end":{"line":9,"column":9}},"type":"if","locations":[{"start":{"line":5,"column":15},"end":{"line":9,"column":9}},{"start":{"line":7,"column":15},"end":{"line":9,"column":9}}],"line":5},"2":{"loc":{"start":{"line":7,"column":15},"end":{"line":9,"column":9}},"type":"if","locations":[{"start":{"line":7,"column":15},"end":{"line":9,"column":9}},{"start":{},"end":{}}],"line":7}},"s":{"0":1,"1":3,"2":10,"3":3,"4":7,"5":3,"6":4,"7":4,"8":0,"9":1,"10":8,"11":8},"f":{"0":3,"1":10,"2":8},"b":{"0":[3,7],"1":[3,4],"2":[4,0]},"_coverageSchema":"1a1c01bbd47fc00a2c39e90264f33305004495a9","hash":"4af86e034045e04ef86c9e5f346354057a910e97"}
}
