TN:
SF:src\pages\Calendar.jsx
FN:7,Calendar
FN:225,(anonymous_1)
FN:230,(anonymous_2)
FN:244,(anonymous_3)
FN:252,(anonymous_4)
FN:267,(anonymous_5)
FN:276,(anonymous_6)
FN:301,(anonymous_7)
FN:318,(anonymous_8)
FN:319,(anonymous_9)
FN:323,(anonymous_10)
FN:328,(anonymous_11)
FN:335,(anonymous_12)
FN:353,(anonymous_13)
FN:354,(anonymous_14)
FN:354,(anonymous_15)
FN:355,(anonymous_16)
FN:355,(anonymous_17)
FN:358,(anonymous_18)
FN:368,(anonymous_19)
FN:371,(anonymous_20)
FN:372,(anonymous_21)
FN:374,(anonymous_22)
FN:391,(anonymous_23)
FN:428,(anonymous_24)
FN:428,(anonymous_25)
FN:431,(anonymous_26)
FNF:27
FNH:19
FNDA:71,Calendar
FNDA:10,(anonymous_1)
FNDA:4,(anonymous_2)
FNDA:1,(anonymous_3)
FNDA:3,(anonymous_4)
FNDA:43,(anonymous_5)
FNDA:4,(anonymous_6)
FNDA:20,(anonymous_7)
FNDA:1,(anonymous_8)
FNDA:20,(anonymous_9)
FNDA:6,(anonymous_10)
FNDA:1419,(anonymous_11)
FNDA:3731,(anonymous_12)
FNDA:1,(anonymous_13)
FNDA:0,(anonymous_14)
FNDA:0,(anonymous_15)
FNDA:0,(anonymous_16)
FNDA:0,(anonymous_17)
FNDA:0,(anonymous_18)
FNDA:1,(anonymous_19)
FNDA:0,(anonymous_20)
FNDA:0,(anonymous_21)
FNDA:0,(anonymous_22)
FNDA:347,(anonymous_23)
FNDA:277,(anonymous_24)
FNDA:277,(anonymous_25)
FNDA:1,(anonymous_26)
DA:9,71
DA:193,71
DA:196,71
DA:206,71
DA:207,71
DA:210,71
DA:213,71
DA:216,71
DA:219,71
DA:222,71
DA:223,71
DA:225,71
DA:226,10
DA:230,71
DA:231,4
DA:232,4
DA:233,4
DA:244,71
DA:245,1
DA:246,1
DA:247,1
DA:248,1
DA:252,71
DA:253,3
DA:254,3
DA:255,3
DA:256,3
DA:267,71
DA:268,43
DA:269,43
DA:276,71
DA:278,4
DA:286,1
DA:287,1
DA:291,3
DA:292,3
DA:294,3
DA:295,1
DA:296,1
DA:299,2
DA:301,1
DA:302,20
DA:304,1
DA:307,1
DA:311,1
DA:315,2
DA:318,71
DA:319,20
DA:320,1
DA:323,71
DA:324,6
DA:325,6
DA:328,71
DA:329,1419
DA:330,1419
DA:331,1419
DA:332,1419
DA:335,71
DA:336,3731
DA:337,0
DA:338,3731
DA:339,3731
DA:340,0
DA:341,0
DA:343,0
DA:347,71
DA:348,71
DA:349,71
DA:350,71
DA:353,71
DA:354,71
DA:355,71
DA:358,71
DA:359,0
DA:362,71
DA:368,1
DA:371,0
DA:372,0
DA:374,0
DA:392,347
DA:428,277
DA:429,277
DA:431,1
LF:83
LH:75
BRDA:278,0,0,1
BRDA:278,0,1,3
BRDA:279,1,0,4
BRDA:279,1,1,3
BRDA:279,1,2,3
BRDA:279,1,3,3
BRDA:279,1,4,3
BRDA:279,1,5,3
BRDA:294,2,0,1
BRDA:294,2,1,2
BRDA:299,3,0,1
BRDA:299,3,1,1
BRDA:302,4,0,1
BRDA:302,4,1,19
BRDA:330,5,0,0
BRDA:330,5,1,1419
BRDA:331,6,0,0
BRDA:331,6,1,1419
BRDA:332,7,0,1419
BRDA:332,7,1,1381
BRDA:332,7,2,1381
BRDA:336,8,0,0
BRDA:336,8,1,3731
BRDA:338,9,0,3731
BRDA:338,9,1,0
BRDA:340,10,0,0
BRDA:340,10,1,0
BRDA:418,11,0,71
BRDA:418,11,1,69
BRDA:432,12,0,69
BRDA:432,12,1,208
BRF:31
BRH:25
end_of_record
TN:
SF:src\utils\sortEvents.js
FN:1,(anonymous_0)
FN:2,(anonymous_1)
FN:14,(anonymous_2)
FNF:3
FNH:3
FNDA:3,(anonymous_0)
FNDA:10,(anonymous_1)
FNDA:8,(anonymous_2)
DA:1,1
DA:2,3
DA:3,10
DA:4,3
DA:5,7
DA:6,3
DA:7,4
DA:8,4
DA:10,0
DA:14,1
DA:15,8
DA:16,8
LF:12
LH:11
BRDA:3,0,0,3
BRDA:3,0,1,7
BRDA:5,1,0,3
BRDA:5,1,1,4
BRDA:7,2,0,4
BRDA:7,2,1,0
BRF:6
BRH:5
end_of_record
