<?xml version="1.0" encoding="UTF-8"?>
<coverage generated="1743450588016" clover="3.2.0">
  <project timestamp="1743450588017" name="All files">
    <metrics statements="48" coveredstatements="46" conditionals="38" coveredconditionals="35" methods="13" coveredmethods="12" elements="99" coveredelements="93" complexity="0" loc="48" ncloc="48" packages="1" files="1" classes="1"/>
    <file name="entityController.js" path="C:\Users\schio\WebstormProjects\backend\src\controllers\entityController.js">
      <metrics statements="48" coveredstatements="46" conditionals="38" coveredconditionals="35" methods="13" coveredmethods="12"/>
      <line num="1" count="1" type="stmt"/>
      <line num="3" count="1" type="stmt"/>
      <line num="187" count="1" type="stmt"/>
      <line num="188" count="6" type="stmt"/>
      <line num="191" count="6" type="cond" truecount="2" falsecount="0"/>
      <line num="192" count="1" type="stmt"/>
      <line num="193" count="20" type="stmt"/>
      <line num="196" count="6" type="cond" truecount="2" falsecount="0"/>
      <line num="197" count="20" type="stmt"/>
      <line num="199" count="6" type="cond" truecount="2" falsecount="0"/>
      <line num="200" count="20" type="stmt"/>
      <line num="204" count="6" type="cond" truecount="2" falsecount="0"/>
      <line num="205" count="2" type="cond" truecount="2" falsecount="0"/>
      <line num="206" count="62" type="stmt"/>
      <line num="207" count="1" type="cond" truecount="1" falsecount="1"/>
      <line num="208" count="54" type="stmt"/>
      <line num="209" count="0" type="cond" truecount="0" falsecount="2"/>
      <line num="210" count="0" type="stmt"/>
      <line num="214" count="6" type="stmt"/>
      <line num="218" count="1" type="stmt"/>
      <line num="219" count="3" type="stmt"/>
      <line num="222" count="3" type="cond" truecount="8" falsecount="0"/>
      <line num="223" count="1" type="stmt"/>
      <line num="226" count="2" type="cond" truecount="2" falsecount="0"/>
      <line num="227" count="1" type="stmt"/>
      <line num="230" count="1" type="stmt"/>
      <line num="231" count="1" type="stmt"/>
      <line num="232" count="1" type="stmt"/>
      <line num="236" count="1" type="stmt"/>
      <line num="237" count="4" type="stmt"/>
      <line num="238" count="24" type="stmt"/>
      <line num="239" count="4" type="cond" truecount="2" falsecount="0"/>
      <line num="240" count="1" type="stmt"/>
      <line num="244" count="3" type="cond" truecount="8" falsecount="0"/>
      <line num="246" count="1" type="stmt"/>
      <line num="250" count="2" type="cond" truecount="2" falsecount="0"/>
      <line num="251" count="1" type="stmt"/>
      <line num="255" count="1" type="stmt"/>
      <line num="256" count="1" type="stmt"/>
      <line num="260" count="1" type="stmt"/>
      <line num="261" count="2" type="stmt"/>
      <line num="262" count="21" type="stmt"/>
      <line num="263" count="2" type="cond" truecount="2" falsecount="0"/>
      <line num="264" count="1" type="stmt"/>
      <line num="267" count="1" type="stmt"/>
      <line num="268" count="1" type="stmt"/>
      <line num="273" count="8" type="stmt"/>
      <line num="274" count="8" type="stmt"/>
    </file>
  </project>
</coverage>
