{"C:\\Users\\schio\\WebstormProjects\\backend\\src\\controllers\\entityController.js": {"path":"C:\\Users\\schio\\WebstormProjects\\backend\\src\\controllers\\entityController.js","statementMap":{"0":{"start":{"line":1,"column":12},"end":{"line":1,"column":26}},"1":{"start":{"line":3,"column":13},"end":{"line":184,"column":1}},"2":{"start":{"line":187,"column":0},"end":{"line":215,"column":2}},"3":{"start":{"line":188,"column":25},"end":{"line":188,"column":36}},"4":{"start":{"line":191,"column":4},"end":{"line":195,"column":5}},"5":{"start":{"line":192,"column":8},"end":{"line":194,"column":10}},"6":{"start":{"line":193,"column":12},"end":{"line":193,"column":77}},"7":{"start":{"line":196,"column":4},"end":{"line":198,"column":5}},"8":{"start":{"line":197,"column":8},"end":{"line":197,"column":117}},"9":{"start":{"line":197,"column":56},"end":{"line":197,"column":115}},"10":{"start":{"line":199,"column":4},"end":{"line":201,"column":5}},"11":{"start":{"line":200,"column":8},"end":{"line":200,"column":87}},"12":{"start":{"line":200,"column":56},"end":{"line":200,"column":85}},"13":{"start":{"line":204,"column":4},"end":{"line":212,"column":5}},"14":{"start":{"line":205,"column":8},"end":{"line":211,"column":9}},"15":{"start":{"line":206,"column":12},"end":{"line":206,"column":74}},"16":{"start":{"line":206,"column":42},"end":{"line":206,"column":72}},"17":{"start":{"line":207,"column":15},"end":{"line":211,"column":9}},"18":{"start":{"line":208,"column":12},"end":{"line":208,"column":79}},"19":{"start":{"line":208,"column":42},"end":{"line":208,"column":77}},"20":{"start":{"line":209,"column":15},"end":{"line":211,"column":9}},"21":{"start":{"line":210,"column":12},"end":{"line":210,"column":115}},"22":{"start":{"line":210,"column":42},"end":{"line":210,"column":113}},"23":{"start":{"line":214,"column":4},"end":{"line":214,"column":29}},"24":{"start":{"line":218,"column":0},"end":{"line":233,"column":2}},"25":{"start":{"line":219,"column":70},"end":{"line":219,"column":78}},"26":{"start":{"line":222,"column":4},"end":{"line":224,"column":5}},"27":{"start":{"line":223,"column":8},"end":{"line":223,"column":76}},"28":{"start":{"line":226,"column":4},"end":{"line":228,"column":5}},"29":{"start":{"line":227,"column":8},"end":{"line":227,"column":87}},"30":{"start":{"line":230,"column":21},"end":{"line":230,"column":101}},"31":{"start":{"line":231,"column":4},"end":{"line":231,"column":26}},"32":{"start":{"line":232,"column":4},"end":{"line":232,"column":35}},"33":{"start":{"line":236,"column":0},"end":{"line":257,"column":2}},"34":{"start":{"line":237,"column":20},"end":{"line":237,"column":43}},"35":{"start":{"line":238,"column":18},"end":{"line":238,"column":57}},"36":{"start":{"line":238,"column":40},"end":{"line":238,"column":56}},"37":{"start":{"line":239,"column":4},"end":{"line":241,"column":5}},"38":{"start":{"line":240,"column":8},"end":{"line":240,"column":68}},"39":{"start":{"line":244,"column":4},"end":{"line":247,"column":5}},"40":{"start":{"line":246,"column":8},"end":{"line":246,"column":76}},"41":{"start":{"line":250,"column":4},"end":{"line":252,"column":5}},"42":{"start":{"line":251,"column":8},"end":{"line":251,"column":87}},"43":{"start":{"line":255,"column":4},"end":{"line":255,"column":54}},"44":{"start":{"line":256,"column":4},"end":{"line":256,"column":28}},"45":{"start":{"line":260,"column":0},"end":{"line":269,"column":2}},"46":{"start":{"line":261,"column":20},"end":{"line":261,"column":43}},"47":{"start":{"line":262,"column":18},"end":{"line":262,"column":57}},"48":{"start":{"line":262,"column":40},"end":{"line":262,"column":56}},"49":{"start":{"line":263,"column":4},"end":{"line":265,"column":5}},"50":{"start":{"line":264,"column":8},"end":{"line":264,"column":68}},"51":{"start":{"line":267,"column":4},"end":{"line":267,"column":28}},"52":{"start":{"line":268,"column":4},"end":{"line":268,"column":27}},"53":{"start":{"line":273,"column":29},"end":{"line":273,"column":56}},"54":{"start":{"line":274,"column":4},"end":{"line":274,"column":32}}},"fnMap":{"0":{"name":"(anonymous_0)","decl":{"start":{"line":187,"column":23},"end":{"line":187,"column":24}},"loc":{"start":{"line":187,"column":37},"end":{"line":215,"column":1}},"line":187},"1":{"name":"(anonymous_1)","decl":{"start":{"line":192,"column":47},"end":{"line":192,"column":48}},"loc":{"start":{"line":193,"column":12},"end":{"line":193,"column":77}},"line":193},"2":{"name":"(anonymous_2)","decl":{"start":{"line":197,"column":47},"end":{"line":197,"column":48}},"loc":{"start":{"line":197,"column":56},"end":{"line":197,"column":115}},"line":197},"3":{"name":"(anonymous_3)","decl":{"start":{"line":200,"column":47},"end":{"line":200,"column":48}},"loc":{"start":{"line":200,"column":56},"end":{"line":200,"column":85}},"line":200},"4":{"name":"(anonymous_4)","decl":{"start":{"line":206,"column":32},"end":{"line":206,"column":33}},"loc":{"start":{"line":206,"column":42},"end":{"line":206,"column":72}},"line":206},"5":{"name":"(anonymous_5)","decl":{"start":{"line":208,"column":32},"end":{"line":208,"column":33}},"loc":{"start":{"line":208,"column":42},"end":{"line":208,"column":77}},"line":208},"6":{"name":"(anonymous_6)","decl":{"start":{"line":210,"column":32},"end":{"line":210,"column":33}},"loc":{"start":{"line":210,"column":42},"end":{"line":210,"column":113}},"line":210},"7":{"name":"(anonymous_7)","decl":{"start":{"line":218,"column":22},"end":{"line":218,"column":23}},"loc":{"start":{"line":218,"column":36},"end":{"line":233,"column":1}},"line":218},"8":{"name":"(anonymous_8)","decl":{"start":{"line":236,"column":22},"end":{"line":236,"column":23}},"loc":{"start":{"line":236,"column":36},"end":{"line":257,"column":1}},"line":236},"9":{"name":"(anonymous_9)","decl":{"start":{"line":238,"column":35},"end":{"line":238,"column":36}},"loc":{"start":{"line":238,"column":40},"end":{"line":238,"column":56}},"line":238},"10":{"name":"(anonymous_10)","decl":{"start":{"line":260,"column":22},"end":{"line":260,"column":23}},"loc":{"start":{"line":260,"column":36},"end":{"line":269,"column":1}},"line":260},"11":{"name":"(anonymous_11)","decl":{"start":{"line":262,"column":35},"end":{"line":262,"column":36}},"loc":{"start":{"line":262,"column":40},"end":{"line":262,"column":56}},"line":262},"12":{"name":"convertTimeToMinutes","decl":{"start":{"line":272,"column":9},"end":{"line":272,"column":29}},"loc":{"start":{"line":272,"column":36},"end":{"line":275,"column":1}},"line":272}},"branchMap":{"0":{"loc":{"start":{"line":191,"column":4},"end":{"line":195,"column":5}},"type":"if","locations":[{"start":{"line":191,"column":4},"end":{"line":195,"column":5}},{"start":{},"end":{}}],"line":191},"1":{"loc":{"start":{"line":196,"column":4},"end":{"line":198,"column":5}},"type":"if","locations":[{"start":{"line":196,"column":4},"end":{"line":198,"column":5}},{"start":{},"end":{}}],"line":196},"2":{"loc":{"start":{"line":199,"column":4},"end":{"line":201,"column":5}},"type":"if","locations":[{"start":{"line":199,"column":4},"end":{"line":201,"column":5}},{"start":{},"end":{}}],"line":199},"3":{"loc":{"start":{"line":204,"column":4},"end":{"line":212,"column":5}},"type":"if","locations":[{"start":{"line":204,"column":4},"end":{"line":212,"column":5}},{"start":{},"end":{}}],"line":204},"4":{"loc":{"start":{"line":205,"column":8},"end":{"line":211,"column":9}},"type":"if","locations":[{"start":{"line":205,"column":8},"end":{"line":211,"column":9}},{"start":{"line":207,"column":15},"end":{"line":211,"column":9}}],"line":205},"5":{"loc":{"start":{"line":207,"column":15},"end":{"line":211,"column":9}},"type":"if","locations":[{"start":{"line":207,"column":15},"end":{"line":211,"column":9}},{"start":{"line":209,"column":15},"end":{"line":211,"column":9}}],"line":207},"6":{"loc":{"start":{"line":209,"column":15},"end":{"line":211,"column":9}},"type":"if","locations":[{"start":{"line":209,"column":15},"end":{"line":211,"column":9}},{"start":{},"end":{}}],"line":209},"7":{"loc":{"start":{"line":222,"column":4},"end":{"line":224,"column":5}},"type":"if","locations":[{"start":{"line":222,"column":4},"end":{"line":224,"column":5}},{"start":{},"end":{}}],"line":222},"8":{"loc":{"start":{"line":222,"column":8},"end":{"line":222,"column":77}},"type":"binary-expr","locations":[{"start":{"line":222,"column":8},"end":{"line":222,"column":14}},{"start":{"line":222,"column":18},"end":{"line":222,"column":24}},{"start":{"line":222,"column":28},"end":{"line":222,"column":33}},{"start":{"line":222,"column":37},"end":{"line":222,"column":48}},{"start":{"line":222,"column":52},"end":{"line":222,"column":61}},{"start":{"line":222,"column":65},"end":{"line":222,"column":77}}],"line":222},"9":{"loc":{"start":{"line":226,"column":4},"end":{"line":228,"column":5}},"type":"if","locations":[{"start":{"line":226,"column":4},"end":{"line":228,"column":5}},{"start":{},"end":{}}],"line":226},"10":{"loc":{"start":{"line":239,"column":4},"end":{"line":241,"column":5}},"type":"if","locations":[{"start":{"line":239,"column":4},"end":{"line":241,"column":5}},{"start":{},"end":{}}],"line":239},"11":{"loc":{"start":{"line":244,"column":4},"end":{"line":247,"column":5}},"type":"if","locations":[{"start":{"line":244,"column":4},"end":{"line":247,"column":5}},{"start":{},"end":{}}],"line":244},"12":{"loc":{"start":{"line":244,"column":8},"end":{"line":245,"column":75}},"type":"binary-expr","locations":[{"start":{"line":244,"column":8},"end":{"line":244,"column":23}},{"start":{"line":244,"column":27},"end":{"line":244,"column":42}},{"start":{"line":244,"column":46},"end":{"line":244,"column":60}},{"start":{"line":245,"column":8},"end":{"line":245,"column":28}},{"start":{"line":245,"column":32},"end":{"line":245,"column":50}},{"start":{"line":245,"column":54},"end":{"line":245,"column":75}}],"line":244},"13":{"loc":{"start":{"line":250,"column":4},"end":{"line":252,"column":5}},"type":"if","locations":[{"start":{"line":250,"column":4},"end":{"line":252,"column":5}},{"start":{},"end":{}}],"line":250},"14":{"loc":{"start":{"line":263,"column":4},"end":{"line":265,"column":5}},"type":"if","locations":[{"start":{"line":263,"column":4},"end":{"line":265,"column":5}},{"start":{},"end":{}}],"line":263}},"s":{"0":1,"1":1,"2":1,"3":6,"4":6,"5":1,"6":20,"7":6,"8":1,"9":20,"10":6,"11":1,"12":20,"13":6,"14":2,"15":1,"16":62,"17":1,"18":1,"19":54,"20":0,"21":0,"22":0,"23":6,"24":1,"25":3,"26":3,"27":1,"28":2,"29":1,"30":1,"31":1,"32":1,"33":1,"34":4,"35":4,"36":24,"37":4,"38":1,"39":3,"40":1,"41":2,"42":1,"43":1,"44":1,"45":1,"46":2,"47":2,"48":21,"49":2,"50":1,"51":1,"52":1,"53":8,"54":8},"f":{"0":6,"1":20,"2":20,"3":20,"4":62,"5":54,"6":0,"7":3,"8":4,"9":24,"10":2,"11":21,"12":8},"b":{"0":[1,5],"1":[1,5],"2":[1,5],"3":[2,4],"4":[1,1],"5":[1,0],"6":[0,0],"7":[1,2],"8":[3,3,2,2,2,2],"9":[1,1],"10":[1,3],"11":[1,2],"12":[3,3,2,2,2,2],"13":[1,1],"14":[1,1]},"_coverageSchema":"1a1c01bbd47fc00a2c39e90264f33305004495a9","hash":"e8eaf5db9d13d1985b85071d63e0d72dbea3c7ab"}
}
