TN:
SF:src\controllers\entityController.js
FN:187,(anonymous_0)
FN:192,(anonymous_1)
FN:197,(anonymous_2)
FN:200,(anonymous_3)
FN:206,(anonymous_4)
FN:208,(anonymous_5)
FN:210,(anonymous_6)
FN:218,(anonymous_7)
FN:236,(anonymous_8)
FN:238,(anonymous_9)
FN:260,(anonymous_10)
FN:262,(anonymous_11)
FN:272,convertTimeToMinutes
FNF:13
FNH:12
FNDA:6,(anonymous_0)
FNDA:20,(anonymous_1)
FNDA:20,(anonymous_2)
FNDA:20,(anonymous_3)
FNDA:62,(anonymous_4)
FNDA:54,(anonymous_5)
FNDA:0,(anonymous_6)
FNDA:3,(anonymous_7)
FNDA:4,(anonymous_8)
FNDA:24,(anonymous_9)
FNDA:2,(anonymous_10)
FNDA:21,(anonymous_11)
FNDA:8,convertTimeToMinutes
DA:1,1
DA:3,1
DA:187,1
DA:188,6
DA:191,6
DA:192,1
DA:193,20
DA:196,6
DA:197,20
DA:199,6
DA:200,20
DA:204,6
DA:205,2
DA:206,62
DA:207,1
DA:208,54
DA:209,0
DA:210,0
DA:214,6
DA:218,1
DA:219,3
DA:222,3
DA:223,1
DA:226,2
DA:227,1
DA:230,1
DA:231,1
DA:232,1
DA:236,1
DA:237,4
DA:238,24
DA:239,4
DA:240,1
DA:244,3
DA:246,1
DA:250,2
DA:251,1
DA:255,1
DA:256,1
DA:260,1
DA:261,2
DA:262,21
DA:263,2
DA:264,1
DA:267,1
DA:268,1
DA:273,8
DA:274,8
LF:48
LH:46
BRDA:191,0,0,1
BRDA:191,0,1,5
BRDA:196,1,0,1
BRDA:196,1,1,5
BRDA:199,2,0,1
BRDA:199,2,1,5
BRDA:204,3,0,2
BRDA:204,3,1,4
BRDA:205,4,0,1
BRDA:205,4,1,1
BRDA:207,5,0,1
BRDA:207,5,1,0
BRDA:209,6,0,0
BRDA:209,6,1,0
BRDA:222,7,0,1
BRDA:222,7,1,2
BRDA:222,8,0,3
BRDA:222,8,1,3
BRDA:222,8,2,2
BRDA:222,8,3,2
BRDA:222,8,4,2
BRDA:222,8,5,2
BRDA:226,9,0,1
BRDA:226,9,1,1
BRDA:239,10,0,1
BRDA:239,10,1,3
BRDA:244,11,0,1
BRDA:244,11,1,2
BRDA:244,12,0,3
BRDA:244,12,1,3
BRDA:244,12,2,2
BRDA:244,12,3,2
BRDA:244,12,4,2
BRDA:244,12,5,2
BRDA:250,13,0,1
BRDA:250,13,1,1
BRDA:263,14,0,1
BRDA:263,14,1,1
BRF:38
BRH:35
end_of_record
